<?xml version="1.0" encoding="UTF-8"?>
<!-- Generated by org.testng.reporters.JUnitXMLReporter -->
<testsuite ignored="0" hostname="LAPTOP-00CO66AQ" failures="1" tests="2" name="Linux-Firefox" time="38.052" errors="0" timestamp="2026-05-26T23:20:30 IST">
  <testcase classname="testCases.TC001_AccountRegistrationTest" name="verify_account_registration" time="8.905">
    <failure type="java.lang.AssertionError" message="expected [true] but found [false]">
      <![CDATA[java.lang.AssertionError: expected [true] but found [false]
at testCases.TC001_AccountRegistrationTest.verify_account_registration(TC001_AccountRegistrationTest.java:59)
at java.base/java.util.ArrayList.forEach(ArrayList.java:1511)
... Removed 31 stack frames]]>
    </failure>
  </testcase> <!-- verify_account_registration -->
  <testcase classname="testCases.TC002_LoginTest" name="verifyLogin" time="2.652"/>
</testsuite> <!-- Linux-Firefox -->
