<?xml version="1.0" encoding="UTF-8"?>
<!-- Generated by org.testng.reporters.JUnitReportReporter -->
<testsuite hostname="LAPTOP-00CO66AQ" failures="0" tests="5" name="testCases.TC003_LoginDDT" time="35.077" errors="0" timestamp="2026-05-09T20:06:21 IST" skipped="0">
  <testcase classname="testCases.TC003_LoginDDT" name="verify_loginDDT" time="1.881"/>
  <testcase classname="testCases.TC003_LoginDDT" name="verify_loginDDT" time="1.611"/>
  <testcase classname="testCases.TC003_LoginDDT" name="verify_loginDDT" time="10.612"/>
  <testcase classname="testCases.TC003_LoginDDT" name="verify_loginDDT" time="10.456"/>
  <testcase classname="testCases.TC003_LoginDDT" name="verify_loginDDT" time="10.517"/>
</testsuite> <!-- testCases.TC003_LoginDDT -->
